{"level":"info","ts":"2025-04-10T10:57:54.211-0300","caller":"fiber/fiber.go:40","msg":"server listening","port":"3333"}
{"level":"info","ts":"2025-04-10T10:58:28.450-0300","caller":"middlewares/logging.go:11","msg":"request received","request id":"45b18737-3000-4219-9d2b-dbb58266d973","method":"GET","path":"/health/ping"}
{"level":"info","ts":"2025-04-10T10:58:28.451-0300","caller":"middlewares/logging.go:22","msg":"request completed","request id":"45b18737-3000-4219-9d2b-dbb58266d973","method":"GET","path":"/health/ping"}
{"level":"info","ts":"2025-04-10T10:58:28.492-0300","caller":"middlewares/logging.go:11","msg":"request received","request id":"46b18737-3000-4219-9d2b-dbb58266d973","method":"GET","path":"/favicon.ico"}
{"level":"info","ts":"2025-04-10T10:58:28.492-0300","caller":"middlewares/error.go:19","msg":"error occurred","status":403,"message":"access denied"}
{"level":"info","ts":"2025-04-10T10:58:28.493-0300","caller":"middlewares/logging.go:22","msg":"request completed","request id":"46b18737-3000-4219-9d2b-dbb58266d973","method":"GET","path":"/favicon.ico"}
{"level":"info","ts":"2025-04-10T10:59:09.252-0300","caller":"fiber/fiber.go:40","msg":"server listening","port":"3333"}
{"level":"info","ts":"2025-04-10T10:59:18.365-0300","caller":"middlewares/logging.go:11","msg":"request received","request id":"356898d6-adbd-4a74-97c7-8ffce2d7f356","method":"GET","path":"/public/health/ping"}
{"level":"info","ts":"2025-04-10T10:59:18.366-0300","caller":"middlewares/logging.go:22","msg":"request completed","request id":"356898d6-adbd-4a74-97c7-8ffce2d7f356","method":"GET","path":"/public/health/ping"}
{"level":"info","ts":"2025-04-10T10:59:18.382-0300","caller":"middlewares/logging.go:11","msg":"request received","request id":"366898d6-adbd-4a74-97c7-8ffce2d7f356","method":"GET","path":"/favicon.ico"}
{"level":"info","ts":"2025-04-10T10:59:18.383-0300","caller":"middlewares/logging.go:22","msg":"request completed","request id":"366898d6-adbd-4a74-97c7-8ffce2d7f356","method":"GET","path":"/favicon.ico"}
{"level":"info","ts":"2025-04-10T11:05:03.460-0300","caller":"fiber/fiber.go:40","msg":"server listening","port":"3333"}
{"level":"info","ts":"2025-04-10T11:05:12.781-0300","caller":"middlewares/logging.go:11","msg":"request received","request id":"3e999e60-5afe-4582-b671-941ac9827334","method":"GET","path":"/public/health/ping"}
{"level":"info","ts":"2025-04-10T11:05:12.782-0300","caller":"middlewares/logging.go:22","msg":"request completed","request id":"3e999e60-5afe-4582-b671-941ac9827334","method":"GET","path":"/public/health/ping"}
{"level":"info","ts":"2025-04-10T11:05:12.806-0300","caller":"middlewares/logging.go:11","msg":"request received","request id":"3f999e60-5afe-4582-b671-941ac9827334","method":"GET","path":"/favicon.ico"}
{"level":"info","ts":"2025-04-10T11:05:12.806-0300","caller":"middlewares/logging.go:22","msg":"request completed","request id":"3f999e60-5afe-4582-b671-941ac9827334","method":"GET","path":"/favicon.ico"}
{"level":"info","ts":"2025-04-10T11:05:19.154-0300","caller":"middlewares/logging.go:11","msg":"request received","request id":"40999e60-5afe-4582-b671-941ac9827334","method":"GET","path":"/private/auth/login"}
{"level":"info","ts":"2025-04-10T11:05:19.154-0300","caller":"middlewares/error.go:19","msg":"error occurred","status":403,"message":"access denied"}
{"level":"info","ts":"2025-04-10T11:05:19.155-0300","caller":"middlewares/logging.go:22","msg":"request completed","request id":"40999e60-5afe-4582-b671-941ac9827334","method":"GET","path":"/private/auth/login"}
{"level":"info","ts":"2025-04-10T11:05:19.178-0300","caller":"middlewares/logging.go:11","msg":"request received","request id":"41999e60-5afe-4582-b671-941ac9827334","method":"GET","path":"/favicon.ico"}
{"level":"info","ts":"2025-04-10T11:05:19.178-0300","caller":"middlewares/logging.go:22","msg":"request completed","request id":"41999e60-5afe-4582-b671-941ac9827334","method":"GET","path":"/favicon.ico"}
{"level":"info","ts":"2025-04-10T11:05:21.797-0300","caller":"middlewares/logging.go:11","msg":"request received","request id":"42999e60-5afe-4582-b671-941ac9827334","method":"GET","path":"/private/auth/login"}
{"level":"info","ts":"2025-04-10T11:05:21.798-0300","caller":"middlewares/error.go:19","msg":"error occurred","status":403,"message":"access denied"}
{"level":"info","ts":"2025-04-10T11:05:21.798-0300","caller":"middlewares/logging.go:22","msg":"request completed","request id":"42999e60-5afe-4582-b671-941ac9827334","method":"GET","path":"/private/auth/login"}
{"level":"info","ts":"2025-04-10T11:05:21.824-0300","caller":"middlewares/logging.go:11","msg":"request received","request id":"43999e60-5afe-4582-b671-941ac9827334","method":"GET","path":"/favicon.ico"}
{"level":"info","ts":"2025-04-10T11:05:21.824-0300","caller":"middlewares/logging.go:22","msg":"request completed","request id":"43999e60-5afe-4582-b671-941ac9827334","method":"GET","path":"/favicon.ico"}
{"level":"info","ts":"2025-04-10T11:05:24.894-0300","caller":"middlewares/logging.go:11","msg":"request received","request id":"44999e60-5afe-4582-b671-941ac9827334","method":"GET","path":"/public/auth/login"}
{"level":"info","ts":"2025-04-10T11:05:24.894-0300","caller":"utils/Cookie.go:28","msg":"set cookie","name":"Authorization","value":"BearereyJhbGciOiJIUzI1NiIsInR5cCI6IkpXVCJ9.eyJleHAiOjE3NDQzODAzMjQsInVzZXJuYW1lIjoidGVzdGV1c2VybiJ9.oL3YgAsjfJZkRtng2oz7VCSaw11fdb35azHUaXdPIzM"}
{"level":"info","ts":"2025-04-10T11:05:24.894-0300","caller":"middlewares/logging.go:22","msg":"request completed","request id":"44999e60-5afe-4582-b671-941ac9827334","method":"GET","path":"/public/auth/login"}
{"level":"info","ts":"2025-04-10T11:05:24.921-0300","caller":"middlewares/logging.go:11","msg":"request received","request id":"45999e60-5afe-4582-b671-941ac9827334","method":"GET","path":"/favicon.ico"}
{"level":"info","ts":"2025-04-10T11:05:24.921-0300","caller":"middlewares/logging.go:22","msg":"request completed","request id":"45999e60-5afe-4582-b671-941ac9827334","method":"GET","path":"/favicon.ico"}
{"level":"info","ts":"2025-04-10T11:05:32.674-0300","caller":"middlewares/logging.go:11","msg":"request received","request id":"46999e60-5afe-4582-b671-941ac9827334","method":"GET","path":"/public/auth/login"}
{"level":"info","ts":"2025-04-10T11:05:32.675-0300","caller":"utils/Cookie.go:28","msg":"set cookie","name":"Authorization","value":"BearereyJhbGciOiJIUzI1NiIsInR5cCI6IkpXVCJ9.eyJleHAiOjE3NDQzODAzMzIsInVzZXJuYW1lIjoidGVzdGV1c2VybiJ9.NYZVBCfLhbXcAEChkTLcdyXo2wnnrv_VdrCvDfPvPHo"}
{"level":"info","ts":"2025-04-10T11:05:32.675-0300","caller":"middlewares/logging.go:22","msg":"request completed","request id":"46999e60-5afe-4582-b671-941ac9827334","method":"GET","path":"/public/auth/login"}
{"level":"info","ts":"2025-04-10T11:05:32.705-0300","caller":"middlewares/logging.go:11","msg":"request received","request id":"47999e60-5afe-4582-b671-941ac9827334","method":"GET","path":"/favicon.ico"}
{"level":"info","ts":"2025-04-10T11:05:32.705-0300","caller":"middlewares/logging.go:22","msg":"request completed","request id":"47999e60-5afe-4582-b671-941ac9827334","method":"GET","path":"/favicon.ico"}
{"level":"info","ts":"2025-04-10T11:13:27.124-0300","caller":"fiber/fiber.go:40","msg":"server listening","port":"3333"}
{"level":"info","ts":"2025-04-10T11:13:43.378-0300","caller":"middlewares/logging.go:11","msg":"request received","request id":"16d961cf-3b87-4394-903b-b4e31a3f432e","method":"GET","path":"/public/auth/login"}
{"level":"info","ts":"2025-04-10T11:13:43.378-0300","caller":"utils/Cookie.go:28","msg":"set cookie","name":"Authorization","value":"Bearer eyJhbGciOiJIUzI1NiIsInR5cCI6IkpXVCJ9.eyJleHAiOjE3NDQzODA4MjMsInVzZXJuYW1lIjoidGVzdGV1c2VybiJ9.YNzZGgNxtKGdaWJBkPcfoKf83x_kiofrplM9rBTuRwM"}
{"level":"info","ts":"2025-04-10T11:13:43.379-0300","caller":"middlewares/logging.go:22","msg":"request completed","request id":"16d961cf-3b87-4394-903b-b4e31a3f432e","method":"GET","path":"/public/auth/login"}
{"level":"info","ts":"2025-04-10T11:13:43.402-0300","caller":"middlewares/logging.go:11","msg":"request received","request id":"17d961cf-3b87-4394-903b-b4e31a3f432e","method":"GET","path":"/favicon.ico"}
{"level":"info","ts":"2025-04-10T11:13:43.402-0300","caller":"middlewares/logging.go:22","msg":"request completed","request id":"17d961cf-3b87-4394-903b-b4e31a3f432e","method":"GET","path":"/favicon.ico"}
{"level":"info","ts":"2025-04-10T11:14:37.179-0300","caller":"middlewares/logging.go:11","msg":"request received","request id":"18d961cf-3b87-4394-903b-b4e31a3f432e","method":"GET","path":"/private/products"}
{"level":"info","ts":"2025-04-10T11:14:37.179-0300","caller":"middlewares/error.go:19","msg":"error occurred","status":403,"message":"access denied"}
{"level":"info","ts":"2025-04-10T11:14:37.179-0300","caller":"middlewares/logging.go:22","msg":"request completed","request id":"18d961cf-3b87-4394-903b-b4e31a3f432e","method":"GET","path":"/private/products"}
{"level":"info","ts":"2025-04-10T11:14:37.205-0300","caller":"middlewares/logging.go:11","msg":"request received","request id":"19d961cf-3b87-4394-903b-b4e31a3f432e","method":"GET","path":"/favicon.ico"}
{"level":"info","ts":"2025-04-10T11:14:37.206-0300","caller":"middlewares/logging.go:22","msg":"request completed","request id":"19d961cf-3b87-4394-903b-b4e31a3f432e","method":"GET","path":"/favicon.ico"}
{"level":"info","ts":"2025-04-10T11:17:55.951-0300","caller":"fiber/fiber.go:40","msg":"server listening","port":"3333"}
{"level":"info","ts":"2025-04-10T11:18:02.842-0300","caller":"middlewares/logging.go:11","msg":"request received","request id":"eb2ceb2d-ebcb-4b16-8dc4-a09e4e07b808","method":"GET","path":"/private/products"}
{"level":"info","ts":"2025-04-10T11:18:02.843-0300","caller":"middlewares/error.go:19","msg":"error occurred","status":403,"message":"access denied"}
{"level":"info","ts":"2025-04-10T11:18:02.843-0300","caller":"middlewares/logging.go:22","msg":"request completed","request id":"eb2ceb2d-ebcb-4b16-8dc4-a09e4e07b808","method":"GET","path":"/private/products"}
{"level":"info","ts":"2025-04-10T11:18:02.870-0300","caller":"middlewares/logging.go:11","msg":"request received","request id":"ec2ceb2d-ebcb-4b16-8dc4-a09e4e07b808","method":"GET","path":"/favicon.ico"}
{"level":"info","ts":"2025-04-10T11:18:02.870-0300","caller":"middlewares/logging.go:22","msg":"request completed","request id":"ec2ceb2d-ebcb-4b16-8dc4-a09e4e07b808","method":"GET","path":"/favicon.ico"}
{"level":"info","ts":"2025-04-10T11:18:25.233-0300","caller":"middlewares/logging.go:11","msg":"request received","request id":"ed2ceb2d-ebcb-4b16-8dc4-a09e4e07b808","method":"GET","path":"/public/auth/login"}
{"level":"info","ts":"2025-04-10T11:18:25.233-0300","caller":"utils/Cookie.go:28","msg":"set cookie","name":"Authorization","value":"Bearer eyJhbGciOiJIUzI1NiIsInR5cCI6IkpXVCJ9.eyJleHAiOjE3NDQzODExMDUsInVzZXJuYW1lIjoidGVzdGV1c2VybiJ9.QfHVbx0meuFoOxxKqRfjWfLuCdK7K6_lMTs4G0AHxhY"}
{"level":"info","ts":"2025-04-10T11:18:25.234-0300","caller":"middlewares/logging.go:22","msg":"request completed","request id":"ed2ceb2d-ebcb-4b16-8dc4-a09e4e07b808","method":"GET","path":"/public/auth/login"}
{"level":"info","ts":"2025-04-10T11:18:25.267-0300","caller":"middlewares/logging.go:11","msg":"request received","request id":"ee2ceb2d-ebcb-4b16-8dc4-a09e4e07b808","method":"GET","path":"/favicon.ico"}
{"level":"info","ts":"2025-04-10T11:18:25.267-0300","caller":"middlewares/logging.go:22","msg":"request completed","request id":"ee2ceb2d-ebcb-4b16-8dc4-a09e4e07b808","method":"GET","path":"/favicon.ico"}
{"level":"info","ts":"2025-04-10T11:18:29.342-0300","caller":"middlewares/logging.go:11","msg":"request received","request id":"ef2ceb2d-ebcb-4b16-8dc4-a09e4e07b808","method":"GET","path":"/favicon.ico"}
{"level":"info","ts":"2025-04-10T11:18:29.342-0300","caller":"middlewares/logging.go:22","msg":"request completed","request id":"ef2ceb2d-ebcb-4b16-8dc4-a09e4e07b808","method":"GET","path":"/favicon.ico"}
{"level":"info","ts":"2025-04-10T11:18:31.893-0300","caller":"middlewares/logging.go:11","msg":"request received","request id":"f02ceb2d-ebcb-4b16-8dc4-a09e4e07b808","method":"GET","path":"/private/products"}
{"level":"info","ts":"2025-04-10T11:18:31.893-0300","caller":"middlewares/error.go:19","msg":"error occurred","status":403,"message":"access denied"}
{"level":"info","ts":"2025-04-10T11:18:31.893-0300","caller":"middlewares/logging.go:22","msg":"request completed","request id":"f02ceb2d-ebcb-4b16-8dc4-a09e4e07b808","method":"GET","path":"/private/products"}
{"level":"info","ts":"2025-04-10T11:18:31.946-0300","caller":"middlewares/logging.go:11","msg":"request received","request id":"f12ceb2d-ebcb-4b16-8dc4-a09e4e07b808","method":"GET","path":"/favicon.ico"}
{"level":"info","ts":"2025-04-10T11:18:31.966-0300","caller":"middlewares/logging.go:22","msg":"request completed","request id":"f12ceb2d-ebcb-4b16-8dc4-a09e4e07b808","method":"GET","path":"/favicon.ico"}
{"level":"info","ts":"2025-04-10T11:18:47.675-0300","caller":"fiber/fiber.go:40","msg":"server listening","port":"3333"}
{"level":"info","ts":"2025-04-10T11:18:57.275-0300","caller":"middlewares/logging.go:11","msg":"request received","request id":"b4427f4f-307b-472f-9ee2-16d7af46e3af","method":"GET","path":"/private/products"}
{"level":"info","ts":"2025-04-10T11:18:57.276-0300","caller":"middlewares/auth.go:33","msg":"access granted","user id":"eyJhbGciOiJIUzI1NiIsInR5cCI6IkpXVCJ9.eyJleHAiOjE3NDQzODExMDUsInVzZXJuYW1lIjoidGVzdGV1c2VybiJ9.QfHVbx0meuFoOxxKqRfjWfLuCdK7K6_lMTs4G0AHxhY"}
{"level":"info","ts":"2025-04-10T11:18:57.276-0300","caller":"middlewares/logging.go:22","msg":"request completed","request id":"b4427f4f-307b-472f-9ee2-16d7af46e3af","method":"GET","path":"/private/products"}
{"level":"info","ts":"2025-04-10T11:18:57.302-0300","caller":"middlewares/logging.go:11","msg":"request received","request id":"b5427f4f-307b-472f-9ee2-16d7af46e3af","method":"GET","path":"/favicon.ico"}
{"level":"info","ts":"2025-04-10T11:18:57.302-0300","caller":"middlewares/logging.go:22","msg":"request completed","request id":"b5427f4f-307b-472f-9ee2-16d7af46e3af","method":"GET","path":"/favicon.ico"}
{"level":"info","ts":"2025-04-10T11:42:22.689-0300","caller":"fiber/fiber.go:40","msg":"server listening","port":"3333"}
{"level":"info","ts":"2025-04-10T11:43:21.819-0300","caller":"middlewares/logging.go:11","msg":"request received","request id":"0b6c36e2-8f49-4b46-b9f3-8452b3fd9ebf","method":"GET","path":"/private/products"}
{"level":"info","ts":"2025-04-10T11:43:21.819-0300","caller":"middlewares/auth.go:33","msg":"access granted","user id":"eyJhbGciOiJIUzI1NiIsInR5cCI6IkpXVCJ9.eyJleHAiOjE3NDQzODExMDUsInVzZXJuYW1lIjoidGVzdGV1c2VybiJ9.QfHVbx0meuFoOxxKqRfjWfLuCdK7K6_lMTs4G0AHxhY"}
{"level":"info","ts":"2025-04-10T11:43:21.820-0300","caller":"middlewares/logging.go:22","msg":"request completed","request id":"0b6c36e2-8f49-4b46-b9f3-8452b3fd9ebf","method":"GET","path":"/private/products"}
{"level":"info","ts":"2025-04-10T11:43:21.848-0300","caller":"middlewares/logging.go:11","msg":"request received","request id":"0c6c36e2-8f49-4b46-b9f3-8452b3fd9ebf","method":"GET","path":"/favicon.ico"}
{"level":"info","ts":"2025-04-10T11:43:21.848-0300","caller":"middlewares/logging.go:22","msg":"request completed","request id":"0c6c36e2-8f49-4b46-b9f3-8452b3fd9ebf","method":"GET","path":"/favicon.ico"}
{"level":"info","ts":"2025-04-10T11:43:30.839-0300","caller":"middlewares/logging.go:11","msg":"request received","request id":"0d6c36e2-8f49-4b46-b9f3-8452b3fd9ebf","method":"GET","path":"/public/health/ping"}
{"level":"info","ts":"2025-04-10T11:43:30.840-0300","caller":"middlewares/logging.go:22","msg":"request completed","request id":"0d6c36e2-8f49-4b46-b9f3-8452b3fd9ebf","method":"GET","path":"/public/health/ping"}
{"level":"info","ts":"2025-04-10T11:43:30.881-0300","caller":"middlewares/logging.go:11","msg":"request received","request id":"0e6c36e2-8f49-4b46-b9f3-8452b3fd9ebf","method":"GET","path":"/favicon.ico"}
{"level":"info","ts":"2025-04-10T11:43:30.881-0300","caller":"middlewares/logging.go:22","msg":"request completed","request id":"0e6c36e2-8f49-4b46-b9f3-8452b3fd9ebf","method":"GET","path":"/favicon.ico"}
