{"level":"info","ts":"2025-04-07T16:44:25.564-0300","caller":"chiserver/chiserver.go:66","msg":"server listening","port":"3333"}
{"level":"info","ts":"2025-04-07T16:44:36.434-0300","caller":"middlewares/logging.go:10","msg":"request received","method":"GET","path":"/health/ping"}
{"level":"info","ts":"2025-04-07T16:44:36.434-0300","caller":"middlewares/logging.go:20","msg":"request completed","method":"GET","path":"/health/ping","status":200}
{"level":"info","ts":"2025-04-07T17:40:29.185-0300","caller":"chiserver/chiserver.go:66","msg":"server listening","port":"3333"}
{"level":"info","ts":"2025-04-07T17:40:37.081-0300","caller":"middlewares/logging.go:10","msg":"request received","method":"GET","path":"/auth/login"}
{"level":"info","ts":"2025-04-07T17:40:37.081-0300","caller":"middlewares/logging.go:20","msg":"request completed","method":"GET","path":"/auth/login","status":200}
{"level":"info","ts":"2025-04-07T18:01:09.116-0300","caller":"chiserver/chiserver.go:66","msg":"server listening","port":"3333"}
{"level":"info","ts":"2025-04-07T18:01:13.297-0300","caller":"middlewares/logging.go:10","msg":"request received","method":"GET","path":"/health/ping"}
{"level":"info","ts":"2025-04-07T18:01:13.297-0300","caller":"middlewares/logging.go:20","msg":"request completed","method":"GET","path":"/health/ping","status":200}
{"level":"info","ts":"2025-04-07T18:01:17.074-0300","caller":"middlewares/logging.go:10","msg":"request received","method":"GET","path":"/auth/login"}
{"level":"info","ts":"2025-04-07T18:01:17.074-0300","caller":"middlewares/logging.go:20","msg":"request completed","method":"GET","path":"/auth/login","status":200}
{"level":"info","ts":"2025-04-07T18:01:24.419-0300","caller":"middlewares/logging.go:10","msg":"request received","method":"GET","path":"/orders"}
{"level":"info","ts":"2025-04-07T18:01:24.419-0300","caller":"middlewares/auth.go:30","msg":"access granted","user id":"eyJhbGciOiJIUzI1NiIsInR5cCI6IkpXVCJ9.eyJleHAiOjE3NDQxNDYwNzcsInVzZXJuYW1lIjoidGVzdGV1c2VybiJ9.MwXDwfJkCPTl9bvxt5mH-vbaywbBEYi-4oBJb80yhe8"}
{"level":"info","ts":"2025-04-07T18:01:24.419-0300","caller":"middlewares/context.go:14","msg":"ctx","user id: ":""}
{"level":"info","ts":"2025-04-07T18:01:24.420-0300","caller":"middlewares/logging.go:20","msg":"request completed","method":"GET","path":"/orders","status":200}
{"level":"info","ts":"2025-04-07T18:01:43.296-0300","caller":"middlewares/logging.go:10","msg":"request received","method":"POST","path":"/orders/checkout"}
{"level":"info","ts":"2025-04-07T18:01:43.296-0300","caller":"middlewares/auth.go:30","msg":"access granted","user id":"eyJhbGciOiJIUzI1NiIsInR5cCI6IkpXVCJ9.eyJleHAiOjE3NDQxNDYwNzcsInVzZXJuYW1lIjoidGVzdGV1c2VybiJ9.MwXDwfJkCPTl9bvxt5mH-vbaywbBEYi-4oBJb80yhe8"}
{"level":"info","ts":"2025-04-07T18:01:43.296-0300","caller":"middlewares/context.go:14","msg":"ctx","user id: ":""}
{"level":"info","ts":"2025-04-07T18:01:43.356-0300","caller":"middlewares/logging.go:20","msg":"request completed","method":"POST","path":"/orders/checkout","status":201}
{"level":"info","ts":"2025-04-07T18:01:50.587-0300","caller":"middlewares/logging.go:10","msg":"request received","method":"GET","path":"/orders"}
{"level":"info","ts":"2025-04-07T18:01:50.587-0300","caller":"middlewares/auth.go:30","msg":"access granted","user id":"eyJhbGciOiJIUzI1NiIsInR5cCI6IkpXVCJ9.eyJleHAiOjE3NDQxNDYwNzcsInVzZXJuYW1lIjoidGVzdGV1c2VybiJ9.MwXDwfJkCPTl9bvxt5mH-vbaywbBEYi-4oBJb80yhe8"}
{"level":"info","ts":"2025-04-07T18:01:50.587-0300","caller":"middlewares/context.go:14","msg":"ctx","user id: ":""}
{"level":"info","ts":"2025-04-07T18:01:50.588-0300","caller":"middlewares/logging.go:20","msg":"request completed","method":"GET","path":"/orders","status":200}
{"level":"info","ts":"2025-04-07T18:01:59.287-0300","caller":"middlewares/logging.go:10","msg":"request received","method":"GET","path":"/orders/:id"}
{"level":"info","ts":"2025-04-07T18:01:59.287-0300","caller":"middlewares/auth.go:30","msg":"access granted","user id":"eyJhbGciOiJIUzI1NiIsInR5cCI6IkpXVCJ9.eyJleHAiOjE3NDQxNDYwNzcsInVzZXJuYW1lIjoidGVzdGV1c2VybiJ9.MwXDwfJkCPTl9bvxt5mH-vbaywbBEYi-4oBJb80yhe8"}
{"level":"info","ts":"2025-04-07T18:01:59.287-0300","caller":"middlewares/context.go:14","msg":"ctx","user id: ":""}
{"level":"info","ts":"2025-04-07T18:01:59.287-0300","caller":"middlewares/logging.go:20","msg":"request completed","method":"GET","path":"/orders/:id","status":200}
{"level":"info","ts":"2025-04-07T18:03:20.891-0300","caller":"chiserver/chiserver.go:66","msg":"server listening","port":"3333"}
{"level":"info","ts":"2025-04-07T18:03:25.107-0300","caller":"middlewares/logging.go:10","msg":"request received","method":"GET","path":"/orders/:id"}
{"level":"info","ts":"2025-04-07T18:03:25.108-0300","caller":"middlewares/auth.go:30","msg":"access granted","user id":"eyJhbGciOiJIUzI1NiIsInR5cCI6IkpXVCJ9.eyJleHAiOjE3NDQxNDYwNzcsInVzZXJuYW1lIjoidGVzdGV1c2VybiJ9.MwXDwfJkCPTl9bvxt5mH-vbaywbBEYi-4oBJb80yhe8"}
{"level":"info","ts":"2025-04-07T18:03:25.108-0300","caller":"middlewares/context.go:14","msg":"ctx","user id: ":""}
{"level":"info","ts":"2025-04-07T18:03:25.108-0300","caller":"middlewares/logging.go:20","msg":"request completed","method":"GET","path":"/orders/:id","status":500}
{"level":"info","ts":"2025-04-07T18:03:42.794-0300","caller":"middlewares/logging.go:10","msg":"request received","method":"GET","path":"/orders/e9727e6a-c991-4c78-bd8c-d77075f552bd"}
{"level":"info","ts":"2025-04-07T18:03:42.795-0300","caller":"middlewares/auth.go:30","msg":"access granted","user id":"eyJhbGciOiJIUzI1NiIsInR5cCI6IkpXVCJ9.eyJleHAiOjE3NDQxNDYwNzcsInVzZXJuYW1lIjoidGVzdGV1c2VybiJ9.MwXDwfJkCPTl9bvxt5mH-vbaywbBEYi-4oBJb80yhe8"}
{"level":"info","ts":"2025-04-07T18:03:42.795-0300","caller":"middlewares/context.go:14","msg":"ctx","user id: ":""}
{"level":"info","ts":"2025-04-07T18:03:42.796-0300","caller":"middlewares/logging.go:20","msg":"request completed","method":"GET","path":"/orders/e9727e6a-c991-4c78-bd8c-d77075f552bd","status":200}
{"level":"info","ts":"2025-04-07T18:03:54.199-0300","caller":"middlewares/logging.go:10","msg":"request received","method":"PUT","path":"/orders/e9727e6a-c991-4c78-bd8c-d77075f552bd"}
{"level":"info","ts":"2025-04-07T18:03:54.199-0300","caller":"middlewares/auth.go:30","msg":"access granted","user id":"eyJhbGciOiJIUzI1NiIsInR5cCI6IkpXVCJ9.eyJleHAiOjE3NDQxNDYwNzcsInVzZXJuYW1lIjoidGVzdGV1c2VybiJ9.MwXDwfJkCPTl9bvxt5mH-vbaywbBEYi-4oBJb80yhe8"}
{"level":"info","ts":"2025-04-07T18:03:54.199-0300","caller":"middlewares/context.go:14","msg":"ctx","user id: ":""}
{"level":"info","ts":"2025-04-07T18:03:54.200-0300","caller":"middlewares/logging.go:20","msg":"request completed","method":"PUT","path":"/orders/e9727e6a-c991-4c78-bd8c-d77075f552bd","status":200}
{"level":"info","ts":"2025-04-07T18:04:08.959-0300","caller":"middlewares/logging.go:10","msg":"request received","method":"DELETE","path":"/orders/e9727e6a-c991-4c78-bd8c-d77075f552bd"}
{"level":"info","ts":"2025-04-07T18:04:08.959-0300","caller":"middlewares/auth.go:30","msg":"access granted","user id":"eyJhbGciOiJIUzI1NiIsInR5cCI6IkpXVCJ9.eyJleHAiOjE3NDQxNDYwNzcsInVzZXJuYW1lIjoidGVzdGV1c2VybiJ9.MwXDwfJkCPTl9bvxt5mH-vbaywbBEYi-4oBJb80yhe8"}
{"level":"info","ts":"2025-04-07T18:04:08.959-0300","caller":"middlewares/context.go:14","msg":"ctx","user id: ":""}
{"level":"info","ts":"2025-04-07T18:04:09.006-0300","caller":"middlewares/logging.go:20","msg":"request completed","method":"DELETE","path":"/orders/e9727e6a-c991-4c78-bd8c-d77075f552bd","status":200}
{"level":"info","ts":"2025-04-07T18:04:12.770-0300","caller":"middlewares/logging.go:10","msg":"request received","method":"GET","path":"/orders"}
{"level":"info","ts":"2025-04-07T18:04:12.770-0300","caller":"middlewares/auth.go:30","msg":"access granted","user id":"eyJhbGciOiJIUzI1NiIsInR5cCI6IkpXVCJ9.eyJleHAiOjE3NDQxNDYwNzcsInVzZXJuYW1lIjoidGVzdGV1c2VybiJ9.MwXDwfJkCPTl9bvxt5mH-vbaywbBEYi-4oBJb80yhe8"}
{"level":"info","ts":"2025-04-07T18:04:12.770-0300","caller":"middlewares/context.go:14","msg":"ctx","user id: ":""}
{"level":"info","ts":"2025-04-07T18:04:12.771-0300","caller":"middlewares/logging.go:20","msg":"request completed","method":"GET","path":"/orders","status":200}
{"level":"info","ts":"2025-04-07T18:15:07.740-0300","caller":"chiserver/chiserver.go:66","msg":"server listening","port":"3333"}
{"level":"info","ts":"2025-04-07T18:15:14.327-0300","caller":"middlewares/logging.go:10","msg":"request received","method":"GET","path":"/products"}
{"level":"info","ts":"2025-04-07T18:15:14.328-0300","caller":"middlewares/auth.go:30","msg":"access granted","user id":"eyJhbGciOiJIUzI1NiIsInR5cCI6IkpXVCJ9.eyJleHAiOjE3NDQxNDYwNzcsInVzZXJuYW1lIjoidGVzdGV1c2VybiJ9.MwXDwfJkCPTl9bvxt5mH-vbaywbBEYi-4oBJb80yhe8"}
{"level":"info","ts":"2025-04-07T18:15:14.328-0300","caller":"middlewares/context.go:14","msg":"ctx","user id: ":""}
{"level":"info","ts":"2025-04-07T18:15:14.328-0300","caller":"middlewares/logging.go:20","msg":"request completed","method":"GET","path":"/products","status":201}
{"level":"info","ts":"2025-04-07T18:15:19.548-0300","caller":"middlewares/logging.go:10","msg":"request received","method":"POST","path":"/products"}
{"level":"info","ts":"2025-04-07T18:15:19.548-0300","caller":"middlewares/auth.go:30","msg":"access granted","user id":"eyJhbGciOiJIUzI1NiIsInR5cCI6IkpXVCJ9.eyJleHAiOjE3NDQxNDYwNzcsInVzZXJuYW1lIjoidGVzdGV1c2VybiJ9.MwXDwfJkCPTl9bvxt5mH-vbaywbBEYi-4oBJb80yhe8"}
{"level":"info","ts":"2025-04-07T18:15:19.548-0300","caller":"middlewares/context.go:14","msg":"ctx","user id: ":""}
{"level":"info","ts":"2025-04-07T18:15:19.600-0300","caller":"usecase/product.go:43","msg":"adding new product"}
{"level":"info","ts":"2025-04-07T18:15:19.600-0300","caller":"middlewares/logging.go:20","msg":"request completed","method":"POST","path":"/products","status":201}
{"level":"info","ts":"2025-04-07T18:15:28.096-0300","caller":"middlewares/logging.go:10","msg":"request received","method":"GET","path":"/products"}
{"level":"info","ts":"2025-04-07T18:15:28.096-0300","caller":"middlewares/auth.go:30","msg":"access granted","user id":"eyJhbGciOiJIUzI1NiIsInR5cCI6IkpXVCJ9.eyJleHAiOjE3NDQxNDYwNzcsInVzZXJuYW1lIjoidGVzdGV1c2VybiJ9.MwXDwfJkCPTl9bvxt5mH-vbaywbBEYi-4oBJb80yhe8"}
{"level":"info","ts":"2025-04-07T18:15:28.096-0300","caller":"middlewares/context.go:14","msg":"ctx","user id: ":""}
{"level":"info","ts":"2025-04-07T18:15:28.097-0300","caller":"middlewares/logging.go:20","msg":"request completed","method":"GET","path":"/products","status":201}
{"level":"info","ts":"2025-04-07T18:15:48.931-0300","caller":"middlewares/logging.go:10","msg":"request received","method":"GET","path":"/products/dcb068c5-fec2-457e-bcd0-0c9e62d4dd6d"}
{"level":"info","ts":"2025-04-07T18:15:48.931-0300","caller":"middlewares/auth.go:30","msg":"access granted","user id":"eyJhbGciOiJIUzI1NiIsInR5cCI6IkpXVCJ9.eyJleHAiOjE3NDQxNDYwNzcsInVzZXJuYW1lIjoidGVzdGV1c2VybiJ9.MwXDwfJkCPTl9bvxt5mH-vbaywbBEYi-4oBJb80yhe8"}
{"level":"info","ts":"2025-04-07T18:15:48.931-0300","caller":"middlewares/context.go:14","msg":"ctx","user id: ":""}
{"level":"info","ts":"2025-04-07T18:15:48.931-0300","caller":"middlewares/logging.go:20","msg":"request completed","method":"GET","path":"/products/dcb068c5-fec2-457e-bcd0-0c9e62d4dd6d","status":200}
{"level":"info","ts":"2025-04-07T18:16:00.094-0300","caller":"middlewares/logging.go:10","msg":"request received","method":"PUT","path":"/products/dcb068c5-fec2-457e-bcd0-0c9e62d4dd6d"}
{"level":"info","ts":"2025-04-07T18:16:00.094-0300","caller":"middlewares/auth.go:30","msg":"access granted","user id":"eyJhbGciOiJIUzI1NiIsInR5cCI6IkpXVCJ9.eyJleHAiOjE3NDQxNDYwNzcsInVzZXJuYW1lIjoidGVzdGV1c2VybiJ9.MwXDwfJkCPTl9bvxt5mH-vbaywbBEYi-4oBJb80yhe8"}
{"level":"info","ts":"2025-04-07T18:16:00.094-0300","caller":"middlewares/context.go:14","msg":"ctx","user id: ":""}
{"level":"info","ts":"2025-04-07T18:16:00.133-0300","caller":"middlewares/logging.go:20","msg":"request completed","method":"PUT","path":"/products/dcb068c5-fec2-457e-bcd0-0c9e62d4dd6d","status":201}
{"level":"info","ts":"2025-04-07T18:16:04.156-0300","caller":"middlewares/logging.go:10","msg":"request received","method":"GET","path":"/products"}
{"level":"info","ts":"2025-04-07T18:16:04.156-0300","caller":"middlewares/auth.go:30","msg":"access granted","user id":"eyJhbGciOiJIUzI1NiIsInR5cCI6IkpXVCJ9.eyJleHAiOjE3NDQxNDYwNzcsInVzZXJuYW1lIjoidGVzdGV1c2VybiJ9.MwXDwfJkCPTl9bvxt5mH-vbaywbBEYi-4oBJb80yhe8"}
{"level":"info","ts":"2025-04-07T18:16:04.156-0300","caller":"middlewares/context.go:14","msg":"ctx","user id: ":""}
{"level":"info","ts":"2025-04-07T18:16:04.157-0300","caller":"middlewares/logging.go:20","msg":"request completed","method":"GET","path":"/products","status":201}
{"level":"info","ts":"2025-04-07T18:16:10.363-0300","caller":"middlewares/logging.go:10","msg":"request received","method":"DELETE","path":"/products/dcb068c5-fec2-457e-bcd0-0c9e62d4dd6d"}
{"level":"info","ts":"2025-04-07T18:16:10.363-0300","caller":"middlewares/auth.go:30","msg":"access granted","user id":"eyJhbGciOiJIUzI1NiIsInR5cCI6IkpXVCJ9.eyJleHAiOjE3NDQxNDYwNzcsInVzZXJuYW1lIjoidGVzdGV1c2VybiJ9.MwXDwfJkCPTl9bvxt5mH-vbaywbBEYi-4oBJb80yhe8"}
{"level":"info","ts":"2025-04-07T18:16:10.363-0300","caller":"middlewares/context.go:14","msg":"ctx","user id: ":""}
{"level":"info","ts":"2025-04-07T18:16:10.413-0300","caller":"middlewares/logging.go:20","msg":"request completed","method":"DELETE","path":"/products/dcb068c5-fec2-457e-bcd0-0c9e62d4dd6d","status":200}
{"level":"info","ts":"2025-04-07T18:16:14.080-0300","caller":"middlewares/logging.go:10","msg":"request received","method":"GET","path":"/products"}
{"level":"info","ts":"2025-04-07T18:16:14.080-0300","caller":"middlewares/auth.go:30","msg":"access granted","user id":"eyJhbGciOiJIUzI1NiIsInR5cCI6IkpXVCJ9.eyJleHAiOjE3NDQxNDYwNzcsInVzZXJuYW1lIjoidGVzdGV1c2VybiJ9.MwXDwfJkCPTl9bvxt5mH-vbaywbBEYi-4oBJb80yhe8"}
{"level":"info","ts":"2025-04-07T18:16:14.080-0300","caller":"middlewares/context.go:14","msg":"ctx","user id: ":""}
{"level":"info","ts":"2025-04-07T18:16:14.080-0300","caller":"middlewares/logging.go:20","msg":"request completed","method":"GET","path":"/products","status":201}
{"level":"info","ts":"2025-04-07T18:20:13.060-0300","caller":"fiber/fiber.go:31","msg":"server listening","port":"3333"}
{"level":"info","ts":"2025-04-07T18:20:19.815-0300","caller":"middlewares/logging.go:10","msg":"request received","method":"GET","path":"/health/ping"}
{"level":"info","ts":"2025-04-07T18:20:19.815-0300","caller":"middlewares/logging.go:20","msg":"request completed","method":"GET","path":"/health/ping","status":200}
{"level":"info","ts":"2025-04-07T18:20:24.321-0300","caller":"middlewares/logging.go:10","msg":"request received","method":"GET","path":"/orders"}
{"level":"info","ts":"2025-04-07T18:20:24.321-0300","caller":"middlewares/auth.go:30","msg":"access granted","user id":"eyJhbGciOiJIUzI1NiIsInR5cCI6IkpXVCJ9.eyJleHAiOjE3NDQxNDYwNzcsInVzZXJuYW1lIjoidGVzdGV1c2VybiJ9.MwXDwfJkCPTl9bvxt5mH-vbaywbBEYi-4oBJb80yhe8"}
{"level":"info","ts":"2025-04-07T18:20:24.321-0300","caller":"middlewares/context.go:14","msg":"ctx","user id: ":""}
{"level":"info","ts":"2025-04-07T18:20:24.322-0300","caller":"middlewares/logging.go:20","msg":"request completed","method":"GET","path":"/orders","status":200}
{"level":"info","ts":"2025-04-07T18:20:39.407-0300","caller":"middlewares/logging.go:10","msg":"request received","method":"GET","path":"/orders"}
{"level":"info","ts":"2025-04-07T18:20:39.407-0300","caller":"middlewares/error.go:21","msg":"error occurred","status":403,"message":"access denied"}
{"level":"info","ts":"2025-04-07T18:20:39.408-0300","caller":"middlewares/logging.go:20","msg":"request completed","method":"GET","path":"/orders","status":403}
{"level":"info","ts":"2025-04-07T18:20:39.445-0300","caller":"middlewares/logging.go:10","msg":"request received","method":"GET","path":"/favicon.ico"}
{"level":"info","ts":"2025-04-07T18:20:39.445-0300","caller":"middlewares/error.go:21","msg":"error occurred","status":403,"message":"access denied"}
{"level":"info","ts":"2025-04-07T18:20:39.445-0300","caller":"middlewares/logging.go:20","msg":"request completed","method":"GET","path":"/favicon.ico","status":403}
{"level":"info","ts":"2025-04-07T18:20:43.636-0300","caller":"middlewares/logging.go:10","msg":"request received","method":"GET","path":"/orders"}
{"level":"info","ts":"2025-04-07T18:20:43.636-0300","caller":"middlewares/error.go:21","msg":"error occurred","status":403,"message":"access denied"}
{"level":"info","ts":"2025-04-07T18:20:43.636-0300","caller":"middlewares/logging.go:20","msg":"request completed","method":"GET","path":"/orders","status":403}
{"level":"info","ts":"2025-04-07T18:20:43.681-0300","caller":"middlewares/logging.go:10","msg":"request received","method":"GET","path":"/favicon.ico"}
{"level":"info","ts":"2025-04-07T18:20:43.681-0300","caller":"middlewares/error.go:21","msg":"error occurred","status":403,"message":"access denied"}
{"level":"info","ts":"2025-04-07T18:20:43.681-0300","caller":"middlewares/logging.go:20","msg":"request completed","method":"GET","path":"/favicon.ico","status":403}
{"level":"info","ts":"2025-04-07T22:10:29.858-0300","caller":"fiber/fiber.go:31","msg":"server listening","port":"3333"}
{"level":"info","ts":"2025-04-07T22:10:31.878-0300","caller":"middlewares/logging.go:10","msg":"request received","method":"GET","path":"/orders"}
{"level":"info","ts":"2025-04-07T22:10:31.878-0300","caller":"middlewares/auth.go:29","msg":"access granted","user id":"eyJhbGciOiJIUzI1NiIsInR5cCI6IkpXVCJ9.eyJleHAiOjE3NDQxNDYwNzcsInVzZXJuYW1lIjoidGVzdGV1c2VybiJ9.MwXDwfJkCPTl9bvxt5mH-vbaywbBEYi-4oBJb80yhe8"}
{"level":"info","ts":"2025-04-07T22:10:31.879-0300","caller":"middlewares/context.go:14","msg":"ctx","user id: ":""}
{"level":"info","ts":"2025-04-07T22:10:31.879-0300","caller":"middlewares/logging.go:20","msg":"request completed","method":"GET","path":"/orders","status":200}
{"level":"info","ts":"2025-04-07T22:10:36.984-0300","caller":"middlewares/logging.go:10","msg":"request received","method":"GET","path":"/orders"}
{"level":"info","ts":"2025-04-07T22:10:36.984-0300","caller":"middlewares/auth.go:29","msg":"access granted","user id":"eyJhbGciOiJIUzI1NiIsInR5cCI6IkpXVCJ9.eyJleHAiOjE3NDQxNDYwNzcsInVzZXJuYW1lIjoidGVzdGV1c2VybiJ9.MwXDwfJkCPTl9bvxt5mH-vbaywbBEYi-4oBJb80yhe8"}
{"level":"info","ts":"2025-04-07T22:10:36.984-0300","caller":"middlewares/context.go:14","msg":"ctx","user id: ":""}
{"level":"info","ts":"2025-04-07T22:10:36.985-0300","caller":"middlewares/logging.go:20","msg":"request completed","method":"GET","path":"/orders","status":200}
{"level":"info","ts":"2025-04-07T22:10:47.756-0300","caller":"middlewares/logging.go:10","msg":"request received","method":"GET","path":"/orders"}
{"level":"info","ts":"2025-04-07T22:10:47.756-0300","caller":"middlewares/error.go:21","msg":"error occurred","status":403,"message":"access denied"}
{"level":"info","ts":"2025-04-07T22:10:47.756-0300","caller":"middlewares/logging.go:20","msg":"request completed","method":"GET","path":"/orders","status":403}
{"level":"info","ts":"2025-04-07T22:10:47.798-0300","caller":"middlewares/logging.go:10","msg":"request received","method":"GET","path":"/favicon.ico"}
{"level":"info","ts":"2025-04-07T22:10:47.798-0300","caller":"middlewares/error.go:21","msg":"error occurred","status":403,"message":"access denied"}
{"level":"info","ts":"2025-04-07T22:10:47.798-0300","caller":"middlewares/logging.go:20","msg":"request completed","method":"GET","path":"/favicon.ico","status":403}
{"level":"info","ts":"2025-04-07T22:10:47.918-0300","caller":"middlewares/logging.go:10","msg":"request received","method":"GET","path":"/orders"}
{"level":"info","ts":"2025-04-07T22:10:47.918-0300","caller":"middlewares/error.go:21","msg":"error occurred","status":403,"message":"access denied"}
{"level":"info","ts":"2025-04-07T22:10:47.918-0300","caller":"middlewares/logging.go:20","msg":"request completed","method":"GET","path":"/orders","status":403}
{"level":"info","ts":"2025-04-07T22:10:47.955-0300","caller":"middlewares/logging.go:10","msg":"request received","method":"GET","path":"/favicon.ico"}
{"level":"info","ts":"2025-04-07T22:10:47.955-0300","caller":"middlewares/error.go:21","msg":"error occurred","status":403,"message":"access denied"}
{"level":"info","ts":"2025-04-07T22:10:47.955-0300","caller":"middlewares/logging.go:20","msg":"request completed","method":"GET","path":"/favicon.ico","status":403}
{"level":"info","ts":"2025-04-07T22:10:49.340-0300","caller":"middlewares/logging.go:10","msg":"request received","method":"GET","path":"/orders"}
{"level":"info","ts":"2025-04-07T22:10:49.340-0300","caller":"middlewares/error.go:21","msg":"error occurred","status":403,"message":"access denied"}
{"level":"info","ts":"2025-04-07T22:10:49.340-0300","caller":"middlewares/logging.go:20","msg":"request completed","method":"GET","path":"/orders","status":403}
{"level":"info","ts":"2025-04-07T22:10:49.370-0300","caller":"middlewares/logging.go:10","msg":"request received","method":"GET","path":"/favicon.ico"}
{"level":"info","ts":"2025-04-07T22:10:49.370-0300","caller":"middlewares/error.go:21","msg":"error occurred","status":403,"message":"access denied"}
{"level":"info","ts":"2025-04-07T22:10:49.370-0300","caller":"middlewares/logging.go:20","msg":"request completed","method":"GET","path":"/favicon.ico","status":403}
{"level":"info","ts":"2025-04-07T22:10:50.586-0300","caller":"middlewares/logging.go:10","msg":"request received","method":"GET","path":"/orders"}
{"level":"info","ts":"2025-04-07T22:10:50.586-0300","caller":"middlewares/error.go:21","msg":"error occurred","status":403,"message":"access denied"}
{"level":"info","ts":"2025-04-07T22:10:50.586-0300","caller":"middlewares/logging.go:20","msg":"request completed","method":"GET","path":"/orders","status":403}
{"level":"info","ts":"2025-04-07T22:10:50.614-0300","caller":"middlewares/logging.go:10","msg":"request received","method":"GET","path":"/favicon.ico"}
{"level":"info","ts":"2025-04-07T22:10:50.614-0300","caller":"middlewares/error.go:21","msg":"error occurred","status":403,"message":"access denied"}
{"level":"info","ts":"2025-04-07T22:10:50.614-0300","caller":"middlewares/logging.go:20","msg":"request completed","method":"GET","path":"/favicon.ico","status":403}
{"level":"info","ts":"2025-04-07T22:19:19.616-0300","caller":"fiber/fiber.go:31","msg":"server listening","port":"3333"}
{"level":"info","ts":"2025-04-07T22:19:39.778-0300","caller":"middlewares/logging.go:10","msg":"request received","method":"POST","path":"/products"}
{"level":"info","ts":"2025-04-07T22:19:39.778-0300","caller":"middlewares/auth.go:29","msg":"access granted","user id":"eyJhbGciOiJIUzI1NiIsInR5cCI6IkpXVCJ9.eyJleHAiOjE3NDQxNDYwNzcsInVzZXJuYW1lIjoidGVzdGV1c2VybiJ9.MwXDwfJkCPTl9bvxt5mH-vbaywbBEYi-4oBJb80yhe8"}
{"level":"info","ts":"2025-04-07T22:19:39.779-0300","caller":"middlewares/context.go:14","msg":"ctx","user id: ":""}
{"level":"info","ts":"2025-04-07T22:19:39.779-0300","caller":"middlewares/logging.go:20","msg":"request completed","method":"POST","path":"/products","status":200}
{"level":"info","ts":"2025-04-07T22:24:51.932-0300","caller":"fiber/fiber.go:31","msg":"server listening","port":"3333"}
{"level":"info","ts":"2025-04-07T22:24:54.588-0300","caller":"middlewares/logging.go:10","msg":"request received","method":"POST","path":"/products"}
{"level":"info","ts":"2025-04-07T22:24:54.588-0300","caller":"middlewares/logging.go:20","msg":"request completed","method":"POST","path":"/products","status":200}
{"level":"info","ts":"2025-04-07T22:25:05.560-0300","caller":"middlewares/logging.go:10","msg":"request received","method":"GET","path":"/products"}
{"level":"info","ts":"2025-04-07T22:25:05.561-0300","caller":"middlewares/logging.go:20","msg":"request completed","method":"GET","path":"/products","status":200}
{"level":"info","ts":"2025-04-07T22:25:11.216-0300","caller":"middlewares/logging.go:10","msg":"request received","method":"GET","path":"/orders"}
{"level":"info","ts":"2025-04-07T22:25:11.216-0300","caller":"middlewares/logging.go:20","msg":"request completed","method":"GET","path":"/orders","status":200}
{"level":"info","ts":"2025-04-07T22:25:11.242-0300","caller":"middlewares/logging.go:10","msg":"request received","method":"GET","path":"/favicon.ico"}
{"level":"info","ts":"2025-04-07T22:25:11.242-0300","caller":"middlewares/logging.go:20","msg":"request completed","method":"GET","path":"/favicon.ico","status":200}
{"level":"info","ts":"2025-04-07T22:25:14.550-0300","caller":"middlewares/logging.go:10","msg":"request received","method":"GET","path":"/orders"}
{"level":"info","ts":"2025-04-07T22:25:14.550-0300","caller":"middlewares/logging.go:20","msg":"request completed","method":"GET","path":"/orders","status":200}
{"level":"info","ts":"2025-04-07T22:25:14.591-0300","caller":"middlewares/logging.go:10","msg":"request received","method":"GET","path":"/favicon.ico"}
{"level":"info","ts":"2025-04-07T22:25:14.591-0300","caller":"middlewares/logging.go:20","msg":"request completed","method":"GET","path":"/favicon.ico","status":200}
{"level":"info","ts":"2025-04-07T22:26:46.720-0300","caller":"fiber/fiber.go:31","msg":"server listening","port":"3333"}
{"level":"info","ts":"2025-04-07T22:26:56.162-0300","caller":"middlewares/logging.go:10","msg":"request received","method":"POST","path":"/products"}
{"level":"info","ts":"2025-04-07T22:26:56.163-0300","caller":"middlewares/auth.go:29","msg":"access granted","user id":"eyJhbGciOiJIUzI1NiIsInR5cCI6IkpXVCJ9.eyJleHAiOjE3NDQxNDYwNzcsInVzZXJuYW1lIjoidGVzdGV1c2VybiJ9.MwXDwfJkCPTl9bvxt5mH-vbaywbBEYi-4oBJb80yhe8"}
{"level":"info","ts":"2025-04-07T22:26:56.163-0300","caller":"middlewares/context.go:14","msg":"ctx","user id: ":""}
{"level":"info","ts":"2025-04-07T22:26:56.163-0300","caller":"middlewares/logging.go:20","msg":"request completed","method":"POST","path":"/products","status":200}
{"level":"info","ts":"2025-04-07T22:27:32.805-0300","caller":"fiber/fiber.go:31","msg":"server listening","port":"3333"}
{"level":"info","ts":"2025-04-07T22:27:34.981-0300","caller":"middlewares/logging.go:10","msg":"request received","method":"POST","path":"/products"}
{"level":"info","ts":"2025-04-07T22:27:34.981-0300","caller":"middlewares/auth.go:29","msg":"access granted","user id":"eyJhbGciOiJIUzI1NiIsInR5cCI6IkpXVCJ9.eyJleHAiOjE3NDQxNDYwNzcsInVzZXJuYW1lIjoidGVzdGV1c2VybiJ9.MwXDwfJkCPTl9bvxt5mH-vbaywbBEYi-4oBJb80yhe8"}
{"level":"info","ts":"2025-04-07T22:27:34.982-0300","caller":"middlewares/context.go:14","msg":"ctx","user id: ":""}
{"level":"info","ts":"2025-04-07T22:27:34.982-0300","caller":"middlewares/logging.go:20","msg":"request completed","method":"POST","path":"/products","status":200}
{"level":"info","ts":"2025-04-07T22:27:42.037-0300","caller":"middlewares/logging.go:10","msg":"request received","method":"POST","path":"/products"}
{"level":"info","ts":"2025-04-07T22:27:42.037-0300","caller":"middlewares/auth.go:29","msg":"access granted","user id":"eyJhbGciOiJIUzI1NiIsInR5cCI6IkpXVCJ9.eyJleHAiOjE3NDQxNDYwNzcsInVzZXJuYW1lIjoidGVzdGV1c2VybiJ9.MwXDwfJkCPTl9bvxt5mH-vbaywbBEYi-4oBJb80yhe8"}
{"level":"info","ts":"2025-04-07T22:27:42.037-0300","caller":"middlewares/context.go:14","msg":"ctx","user id: ":""}
{"level":"info","ts":"2025-04-07T22:27:42.038-0300","caller":"middlewares/logging.go:20","msg":"request completed","method":"POST","path":"/products","status":200}
{"level":"info","ts":"2025-04-07T22:27:46.644-0300","caller":"middlewares/logging.go:10","msg":"request received","method":"GET","path":"/products"}
{"level":"info","ts":"2025-04-07T22:27:46.644-0300","caller":"middlewares/auth.go:29","msg":"access granted","user id":"eyJhbGciOiJIUzI1NiIsInR5cCI6IkpXVCJ9.eyJleHAiOjE3NDQxNDYwNzcsInVzZXJuYW1lIjoidGVzdGV1c2VybiJ9.MwXDwfJkCPTl9bvxt5mH-vbaywbBEYi-4oBJb80yhe8"}
{"level":"info","ts":"2025-04-07T22:27:46.644-0300","caller":"middlewares/context.go:14","msg":"ctx","user id: ":""}
{"level":"info","ts":"2025-04-07T22:27:46.645-0300","caller":"middlewares/logging.go:20","msg":"request completed","method":"GET","path":"/products","status":201}
{"level":"info","ts":"2025-04-07T22:28:12.364-0300","caller":"fiber/fiber.go:31","msg":"server listening","port":"3333"}
{"level":"info","ts":"2025-04-07T22:28:15.828-0300","caller":"middlewares/logging.go:10","msg":"request received","method":"GET","path":"/products"}
{"level":"info","ts":"2025-04-07T22:28:15.829-0300","caller":"middlewares/auth.go:29","msg":"access granted","user id":"eyJhbGciOiJIUzI1NiIsInR5cCI6IkpXVCJ9.eyJleHAiOjE3NDQxNDYwNzcsInVzZXJuYW1lIjoidGVzdGV1c2VybiJ9.MwXDwfJkCPTl9bvxt5mH-vbaywbBEYi-4oBJb80yhe8"}
{"level":"info","ts":"2025-04-07T22:28:15.829-0300","caller":"middlewares/context.go:14","msg":"ctx","user id: ":""}
{"level":"info","ts":"2025-04-07T22:28:15.830-0300","caller":"middlewares/logging.go:20","msg":"request completed","method":"GET","path":"/products","status":201}
{"level":"info","ts":"2025-04-07T22:28:20.547-0300","caller":"middlewares/logging.go:10","msg":"request received","method":"POST","path":"/products"}
{"level":"info","ts":"2025-04-07T22:28:20.547-0300","caller":"middlewares/auth.go:29","msg":"access granted","user id":"eyJhbGciOiJIUzI1NiIsInR5cCI6IkpXVCJ9.eyJleHAiOjE3NDQxNDYwNzcsInVzZXJuYW1lIjoidGVzdGV1c2VybiJ9.MwXDwfJkCPTl9bvxt5mH-vbaywbBEYi-4oBJb80yhe8"}
{"level":"info","ts":"2025-04-07T22:28:20.547-0300","caller":"middlewares/context.go:14","msg":"ctx","user id: ":""}
{"level":"info","ts":"2025-04-07T22:28:20.547-0300","caller":"middlewares/logging.go:20","msg":"request completed","method":"POST","path":"/products","status":200}
{"level":"info","ts":"2025-04-07T22:28:22.395-0300","caller":"middlewares/logging.go:10","msg":"request received","method":"POST","path":"/products"}
{"level":"info","ts":"2025-04-07T22:28:22.396-0300","caller":"middlewares/auth.go:29","msg":"access granted","user id":"eyJhbGciOiJIUzI1NiIsInR5cCI6IkpXVCJ9.eyJleHAiOjE3NDQxNDYwNzcsInVzZXJuYW1lIjoidGVzdGV1c2VybiJ9.MwXDwfJkCPTl9bvxt5mH-vbaywbBEYi-4oBJb80yhe8"}
{"level":"info","ts":"2025-04-07T22:28:22.396-0300","caller":"middlewares/context.go:14","msg":"ctx","user id: ":""}
{"level":"info","ts":"2025-04-07T22:28:22.396-0300","caller":"middlewares/logging.go:20","msg":"request completed","method":"POST","path":"/products","status":200}
{"level":"info","ts":"2025-04-07T22:28:30.665-0300","caller":"middlewares/logging.go:10","msg":"request received","method":"GET","path":"/orders"}
{"level":"info","ts":"2025-04-07T22:28:30.666-0300","caller":"middlewares/error.go:19","msg":"error occurred","status":403,"message":"access denied"}
{"level":"info","ts":"2025-04-07T22:28:30.666-0300","caller":"middlewares/logging.go:20","msg":"request completed","method":"GET","path":"/orders","status":403}
{"level":"info","ts":"2025-04-07T22:28:30.696-0300","caller":"middlewares/logging.go:10","msg":"request received","method":"GET","path":"/favicon.ico"}
{"level":"info","ts":"2025-04-07T22:28:30.696-0300","caller":"middlewares/error.go:19","msg":"error occurred","status":403,"message":"access denied"}
{"level":"info","ts":"2025-04-07T22:28:30.696-0300","caller":"middlewares/logging.go:20","msg":"request completed","method":"GET","path":"/favicon.ico","status":403}
{"level":"info","ts":"2025-04-07T22:52:15.905-0300","caller":"fiber/fiber.go:31","msg":"server listening","port":"3333"}
{"level":"info","ts":"2025-04-07T22:52:19.187-0300","caller":"middlewares/logging.go:10","msg":"request received","method":"POST","path":"/products"}
{"level":"info","ts":"2025-04-07T22:52:19.188-0300","caller":"middlewares/auth.go:29","msg":"access granted","user id":"eyJhbGciOiJIUzI1NiIsInR5cCI6IkpXVCJ9.eyJleHAiOjE3NDQxNDYwNzcsInVzZXJuYW1lIjoidGVzdGV1c2VybiJ9.MwXDwfJkCPTl9bvxt5mH-vbaywbBEYi-4oBJb80yhe8"}
{"level":"info","ts":"2025-04-07T22:52:19.188-0300","caller":"middlewares/context.go:14","msg":"ctx","user id: ":""}
{"level":"info","ts":"2025-04-07T22:52:19.188-0300","caller":"middlewares/logging.go:20","msg":"request completed","method":"POST","path":"/products","status":200}
{"level":"info","ts":"2025-04-07T22:52:29.359-0300","caller":"middlewares/logging.go:10","msg":"request received","method":"GET","path":"/products"}
{"level":"info","ts":"2025-04-07T22:52:29.359-0300","caller":"middlewares/auth.go:29","msg":"access granted","user id":"eyJhbGciOiJIUzI1NiIsInR5cCI6IkpXVCJ9.eyJleHAiOjE3NDQxNDYwNzcsInVzZXJuYW1lIjoidGVzdGV1c2VybiJ9.MwXDwfJkCPTl9bvxt5mH-vbaywbBEYi-4oBJb80yhe8"}
{"level":"info","ts":"2025-04-07T22:52:29.359-0300","caller":"middlewares/context.go:14","msg":"ctx","user id: ":""}
{"level":"info","ts":"2025-04-07T22:52:29.360-0300","caller":"middlewares/logging.go:20","msg":"request completed","method":"GET","path":"/products","status":201}
{"level":"info","ts":"2025-04-07T22:52:31.977-0300","caller":"middlewares/logging.go:10","msg":"request received","method":"GET","path":"/products"}
{"level":"info","ts":"2025-04-07T22:52:31.978-0300","caller":"middlewares/auth.go:29","msg":"access granted","user id":"eyJhbGciOiJIUzI1NiIsInR5cCI6IkpXVCJ9.eyJleHAiOjE3NDQxNDYwNzcsInVzZXJuYW1lIjoidGVzdGV1c2VybiJ9.MwXDwfJkCPTl9bvxt5mH-vbaywbBEYi-4oBJb80yhe8"}
{"level":"info","ts":"2025-04-07T22:52:31.978-0300","caller":"middlewares/context.go:14","msg":"ctx","user id: ":""}
{"level":"info","ts":"2025-04-07T22:52:31.979-0300","caller":"middlewares/logging.go:20","msg":"request completed","method":"GET","path":"/products","status":201}
{"level":"info","ts":"2025-04-07T22:52:37.279-0300","caller":"middlewares/logging.go:10","msg":"request received","method":"GET","path":"/products"}
{"level":"info","ts":"2025-04-07T22:52:37.279-0300","caller":"middlewares/auth.go:29","msg":"access granted","user id":"eyJhbGciOiJIUzI1NiIsInR5cCI6IkpXVCJ9.eyJleHAiOjE3NDQxNDYwNzcsInVzZXJuYW1lIjoidGVzdGV1c2VybiJ9.MwXDwfJkCPTl9bvxt5mH-vbaywbBEYi-4oBJb80yhe8"}
{"level":"info","ts":"2025-04-07T22:52:37.279-0300","caller":"middlewares/context.go:14","msg":"ctx","user id: ":""}
{"level":"info","ts":"2025-04-07T22:52:37.280-0300","caller":"middlewares/logging.go:20","msg":"request completed","method":"GET","path":"/products","status":201}
{"level":"info","ts":"2025-04-07T22:53:31.301-0300","caller":"middlewares/logging.go:10","msg":"request received","method":"GET","path":"/products"}
{"level":"info","ts":"2025-04-07T22:53:31.301-0300","caller":"middlewares/auth.go:29","msg":"access granted","user id":"eyJhbGciOiJIUzI1NiIsInR5cCI6IkpXVCJ9.eyJleHAiOjE3NDQxNDYwNzcsInVzZXJuYW1lIjoidGVzdGV1c2VybiJ9.MwXDwfJkCPTl9bvxt5mH-vbaywbBEYi-4oBJb80yhe8"}
{"level":"info","ts":"2025-04-07T22:53:31.301-0300","caller":"middlewares/context.go:14","msg":"ctx","user id: ":""}
{"level":"info","ts":"2025-04-07T22:53:31.302-0300","caller":"middlewares/logging.go:20","msg":"request completed","method":"GET","path":"/products","status":201}
{"level":"info","ts":"2025-04-07T22:53:38.583-0300","caller":"fiber/fiber.go:31","msg":"server listening","port":"3333"}
{"level":"info","ts":"2025-04-07T22:53:44.392-0300","caller":"middlewares/logging.go:10","msg":"request received","method":"GET","path":"/products"}
{"level":"info","ts":"2025-04-07T22:53:44.392-0300","caller":"middlewares/auth.go:29","msg":"access granted","user id":"eyJhbGciOiJIUzI1NiIsInR5cCI6IkpXVCJ9.eyJleHAiOjE3NDQxNDYwNzcsInVzZXJuYW1lIjoidGVzdGV1c2VybiJ9.MwXDwfJkCPTl9bvxt5mH-vbaywbBEYi-4oBJb80yhe8"}
{"level":"info","ts":"2025-04-07T22:53:44.392-0300","caller":"middlewares/context.go:14","msg":"ctx","user id: ":""}
{"level":"info","ts":"2025-04-07T22:53:44.393-0300","caller":"middlewares/logging.go:20","msg":"request completed","method":"GET","path":"/products","status":200}
{"level":"info","ts":"2025-04-07T22:53:51.079-0300","caller":"middlewares/logging.go:10","msg":"request received","method":"POST","path":"/products"}
{"level":"info","ts":"2025-04-07T22:53:51.079-0300","caller":"middlewares/auth.go:29","msg":"access granted","user id":"eyJhbGciOiJIUzI1NiIsInR5cCI6IkpXVCJ9.eyJleHAiOjE3NDQxNDYwNzcsInVzZXJuYW1lIjoidGVzdGV1c2VybiJ9.MwXDwfJkCPTl9bvxt5mH-vbaywbBEYi-4oBJb80yhe8"}
{"level":"info","ts":"2025-04-07T22:53:51.079-0300","caller":"middlewares/context.go:14","msg":"ctx","user id: ":""}
{"level":"info","ts":"2025-04-07T22:53:51.079-0300","caller":"middlewares/logging.go:20","msg":"request completed","method":"POST","path":"/products","status":200}
{"level":"info","ts":"2025-04-07T22:54:01.397-0300","caller":"middlewares/logging.go:10","msg":"request received","method":"POST","path":"/products"}
{"level":"info","ts":"2025-04-07T22:54:01.397-0300","caller":"middlewares/auth.go:29","msg":"access granted","user id":"eyJhbGciOiJIUzI1NiIsInR5cCI6IkpXVCJ9.eyJleHAiOjE3NDQxNDYwNzcsInVzZXJuYW1lIjoidGVzdGV1c2VybiJ9.MwXDwfJkCPTl9bvxt5mH-vbaywbBEYi-4oBJb80yhe8"}
{"level":"info","ts":"2025-04-07T22:54:01.397-0300","caller":"middlewares/context.go:14","msg":"ctx","user id: ":""}
{"level":"info","ts":"2025-04-07T22:54:01.403-0300","caller":"usecase/product.go:43","msg":"adding new product"}
{"level":"info","ts":"2025-04-07T22:54:01.403-0300","caller":"middlewares/logging.go:20","msg":"request completed","method":"POST","path":"/products","status":201}
{"level":"info","ts":"2025-04-07T22:54:11.505-0300","caller":"middlewares/logging.go:10","msg":"request received","method":"POST","path":"/products"}
{"level":"info","ts":"2025-04-07T22:54:11.506-0300","caller":"middlewares/auth.go:29","msg":"access granted","user id":"eyJhbGciOiJIUzI1NiIsInR5cCI6IkpXVCJ9.eyJleHAiOjE3NDQxNDYwNzcsInVzZXJuYW1lIjoidGVzdGV1c2VybiJ9.MwXDwfJkCPTl9bvxt5mH-vbaywbBEYi-4oBJb80yhe8"}
{"level":"info","ts":"2025-04-07T22:54:11.506-0300","caller":"middlewares/context.go:14","msg":"ctx","user id: ":""}
{"level":"info","ts":"2025-04-07T22:54:11.506-0300","caller":"middlewares/logging.go:20","msg":"request completed","method":"POST","path":"/products","status":200}
{"level":"info","ts":"2025-04-07T22:54:18.808-0300","caller":"middlewares/logging.go:10","msg":"request received","method":"POST","path":"/products"}
{"level":"info","ts":"2025-04-07T22:54:18.808-0300","caller":"middlewares/auth.go:29","msg":"access granted","user id":"eyJhbGciOiJIUzI1NiIsInR5cCI6IkpXVCJ9.eyJleHAiOjE3NDQxNDYwNzcsInVzZXJuYW1lIjoidGVzdGV1c2VybiJ9.MwXDwfJkCPTl9bvxt5mH-vbaywbBEYi-4oBJb80yhe8"}
{"level":"info","ts":"2025-04-07T22:54:18.808-0300","caller":"middlewares/context.go:14","msg":"ctx","user id: ":""}
{"level":"info","ts":"2025-04-07T22:54:18.835-0300","caller":"usecase/product.go:43","msg":"adding new product"}
{"level":"info","ts":"2025-04-07T22:54:18.835-0300","caller":"middlewares/logging.go:20","msg":"request completed","method":"POST","path":"/products","status":201}
{"level":"info","ts":"2025-04-07T22:54:27.562-0300","caller":"middlewares/logging.go:10","msg":"request received","method":"GET","path":"/products"}
{"level":"info","ts":"2025-04-07T22:54:27.562-0300","caller":"middlewares/auth.go:29","msg":"access granted","user id":"eyJhbGciOiJIUzI1NiIsInR5cCI6IkpXVCJ9.eyJleHAiOjE3NDQxNDYwNzcsInVzZXJuYW1lIjoidGVzdGV1c2VybiJ9.MwXDwfJkCPTl9bvxt5mH-vbaywbBEYi-4oBJb80yhe8"}
{"level":"info","ts":"2025-04-07T22:54:27.562-0300","caller":"middlewares/context.go:14","msg":"ctx","user id: ":""}
{"level":"info","ts":"2025-04-07T22:54:27.563-0300","caller":"middlewares/logging.go:20","msg":"request completed","method":"GET","path":"/products","status":200}
{"level":"info","ts":"2025-04-07T22:54:34.748-0300","caller":"middlewares/logging.go:10","msg":"request received","method":"GET","path":"/orders"}
{"level":"info","ts":"2025-04-07T22:54:34.748-0300","caller":"middlewares/error.go:19","msg":"error occurred","status":403,"message":"access denied"}
{"level":"info","ts":"2025-04-07T22:54:34.748-0300","caller":"middlewares/logging.go:20","msg":"request completed","method":"GET","path":"/orders","status":403}
{"level":"info","ts":"2025-04-07T22:54:34.775-0300","caller":"middlewares/logging.go:10","msg":"request received","method":"GET","path":"/favicon.ico"}
{"level":"info","ts":"2025-04-07T22:54:34.775-0300","caller":"middlewares/error.go:19","msg":"error occurred","status":403,"message":"access denied"}
{"level":"info","ts":"2025-04-07T22:54:34.775-0300","caller":"middlewares/logging.go:20","msg":"request completed","method":"GET","path":"/favicon.ico","status":403}
{"level":"info","ts":"2025-04-07T22:57:20.725-0300","caller":"fiber/fiber.go:31","msg":"server listening","port":"3333"}
{"level":"info","ts":"2025-04-07T22:57:28.576-0300","caller":"middlewares/logging.go:10","msg":"request received","method":"POST","path":"/products"}
{"level":"info","ts":"2025-04-07T22:57:28.576-0300","caller":"middlewares/auth.go:29","msg":"access granted","user id":"eyJhbGciOiJIUzI1NiIsInR5cCI6IkpXVCJ9.eyJleHAiOjE3NDQxNDYwNzcsInVzZXJuYW1lIjoidGVzdGV1c2VybiJ9.MwXDwfJkCPTl9bvxt5mH-vbaywbBEYi-4oBJb80yhe8"}
{"level":"info","ts":"2025-04-07T22:57:28.577-0300","caller":"middlewares/context.go:14","msg":"ctx","user id: ":""}
{"level":"info","ts":"2025-04-07T22:57:28.577-0300","caller":"middlewares/error.go:19","msg":"error occurred","status":400,"message":"Bad Request"}
{"level":"info","ts":"2025-04-07T22:57:28.577-0300","caller":"middlewares/logging.go:20","msg":"request completed","method":"POST","path":"/products","status":400}
{"level":"info","ts":"2025-04-07T23:03:34.810-0300","caller":"middlewares/logging.go:10","msg":"request received","method":"POST","path":"/products"}
{"level":"info","ts":"2025-04-07T23:03:34.811-0300","caller":"middlewares/auth.go:29","msg":"access granted","user id":"eyJhbGciOiJIUzI1NiIsInR5cCI6IkpXVCJ9.eyJleHAiOjE3NDQxNDYwNzcsInVzZXJuYW1lIjoidGVzdGV1c2VybiJ9.MwXDwfJkCPTl9bvxt5mH-vbaywbBEYi-4oBJb80yhe8"}
{"level":"info","ts":"2025-04-07T23:03:34.811-0300","caller":"middlewares/context.go:14","msg":"ctx","user id: ":""}
{"level":"info","ts":"2025-04-07T23:03:34.811-0300","caller":"middlewares/error.go:19","msg":"error occurred","status":400,"message":"Bad Request"}
{"level":"info","ts":"2025-04-07T23:03:34.811-0300","caller":"middlewares/logging.go:20","msg":"request completed","method":"POST","path":"/products","status":400}
{"level":"info","ts":"2025-04-07T23:03:45.703-0300","caller":"middlewares/logging.go:10","msg":"request received","method":"GET","path":"/products/dcb068c5-fec2-457e-bcd0-0c9e62d4dd6d"}
{"level":"info","ts":"2025-04-07T23:03:45.703-0300","caller":"middlewares/auth.go:29","msg":"access granted","user id":"eyJhbGciOiJIUzI1NiIsInR5cCI6IkpXVCJ9.eyJleHAiOjE3NDQxNDYwNzcsInVzZXJuYW1lIjoidGVzdGV1c2VybiJ9.MwXDwfJkCPTl9bvxt5mH-vbaywbBEYi-4oBJb80yhe8"}
{"level":"info","ts":"2025-04-07T23:03:45.703-0300","caller":"middlewares/context.go:14","msg":"ctx","user id: ":""}
{"level":"info","ts":"2025-04-07T23:03:45.704-0300","caller":"middlewares/logging.go:20","msg":"request completed","method":"GET","path":"/products/dcb068c5-fec2-457e-bcd0-0c9e62d4dd6d","status":200}
{"level":"info","ts":"2025-04-07T23:03:56.331-0300","caller":"fiber/fiber.go:31","msg":"server listening","port":"3333"}
{"level":"info","ts":"2025-04-07T23:03:58.765-0300","caller":"middlewares/logging.go:10","msg":"request received","method":"GET","path":"/products/dcb068c5-fec2-457e-bcd0-0c9e62d4dd6d"}
{"level":"info","ts":"2025-04-07T23:03:58.766-0300","caller":"middlewares/auth.go:29","msg":"access granted","user id":"eyJhbGciOiJIUzI1NiIsInR5cCI6IkpXVCJ9.eyJleHAiOjE3NDQxNDYwNzcsInVzZXJuYW1lIjoidGVzdGV1c2VybiJ9.MwXDwfJkCPTl9bvxt5mH-vbaywbBEYi-4oBJb80yhe8"}
{"level":"info","ts":"2025-04-07T23:03:58.766-0300","caller":"middlewares/context.go:14","msg":"ctx","user id: ":""}
{"level":"info","ts":"2025-04-07T23:03:58.767-0300","caller":"middlewares/error.go:19","msg":"error occurred","status":400,"message":"Bad Request"}
{"level":"info","ts":"2025-04-07T23:03:58.767-0300","caller":"middlewares/logging.go:20","msg":"request completed","method":"GET","path":"/products/dcb068c5-fec2-457e-bcd0-0c9e62d4dd6d","status":400}
{"level":"info","ts":"2025-04-07T23:04:06.068-0300","caller":"middlewares/logging.go:10","msg":"request received","method":"GET","path":"/products/:id"}
{"level":"info","ts":"2025-04-07T23:04:06.068-0300","caller":"middlewares/auth.go:29","msg":"access granted","user id":"eyJhbGciOiJIUzI1NiIsInR5cCI6IkpXVCJ9.eyJleHAiOjE3NDQxNDYwNzcsInVzZXJuYW1lIjoidGVzdGV1c2VybiJ9.MwXDwfJkCPTl9bvxt5mH-vbaywbBEYi-4oBJb80yhe8"}
{"level":"info","ts":"2025-04-07T23:04:06.068-0300","caller":"middlewares/context.go:14","msg":"ctx","user id: ":""}
{"level":"info","ts":"2025-04-07T23:04:06.069-0300","caller":"middlewares/error.go:19","msg":"error occurred","status":400,"message":"Bad Request"}
{"level":"info","ts":"2025-04-07T23:04:06.069-0300","caller":"middlewares/logging.go:20","msg":"request completed","method":"GET","path":"/products/:id","status":400}
{"level":"info","ts":"2025-04-07T23:04:26.921-0300","caller":"middlewares/logging.go:10","msg":"request received","method":"GET","path":"/products"}
{"level":"info","ts":"2025-04-07T23:04:26.921-0300","caller":"middlewares/auth.go:29","msg":"access granted","user id":"eyJhbGciOiJIUzI1NiIsInR5cCI6IkpXVCJ9.eyJleHAiOjE3NDQxNDYwNzcsInVzZXJuYW1lIjoidGVzdGV1c2VybiJ9.MwXDwfJkCPTl9bvxt5mH-vbaywbBEYi-4oBJb80yhe8"}
{"level":"info","ts":"2025-04-07T23:04:26.921-0300","caller":"middlewares/context.go:14","msg":"ctx","user id: ":""}
{"level":"info","ts":"2025-04-07T23:04:26.921-0300","caller":"middlewares/logging.go:20","msg":"request completed","method":"GET","path":"/products","status":200}
{"level":"info","ts":"2025-04-07T23:05:58.582-0300","caller":"middlewares/logging.go:10","msg":"request received","method":"GET","path":"/orders"}
{"level":"info","ts":"2025-04-07T23:05:58.583-0300","caller":"middlewares/auth.go:29","msg":"access granted","user id":"eyJhbGciOiJIUzI1NiIsInR5cCI6IkpXVCJ9.eyJleHAiOjE3NDQxNDYwNzcsInVzZXJuYW1lIjoidGVzdGV1c2VybiJ9.MwXDwfJkCPTl9bvxt5mH-vbaywbBEYi-4oBJb80yhe8"}
{"level":"info","ts":"2025-04-07T23:05:58.583-0300","caller":"middlewares/context.go:14","msg":"ctx","user id: ":""}
{"level":"info","ts":"2025-04-07T23:05:58.584-0300","caller":"middlewares/logging.go:20","msg":"request completed","method":"GET","path":"/orders","status":200}
{"level":"info","ts":"2025-04-07T23:06:13.423-0300","caller":"middlewares/logging.go:10","msg":"request received","method":"POST","path":"/orders/checkout"}
{"level":"info","ts":"2025-04-07T23:06:13.423-0300","caller":"middlewares/auth.go:29","msg":"access granted","user id":"eyJhbGciOiJIUzI1NiIsInR5cCI6IkpXVCJ9.eyJleHAiOjE3NDQxNDYwNzcsInVzZXJuYW1lIjoidGVzdGV1c2VybiJ9.MwXDwfJkCPTl9bvxt5mH-vbaywbBEYi-4oBJb80yhe8"}
{"level":"info","ts":"2025-04-07T23:06:13.423-0300","caller":"middlewares/context.go:14","msg":"ctx","user id: ":""}
{"level":"info","ts":"2025-04-07T23:06:13.431-0300","caller":"middlewares/logging.go:20","msg":"request completed","method":"POST","path":"/orders/checkout","status":201}
{"level":"info","ts":"2025-04-07T23:06:32.603-0300","caller":"middlewares/logging.go:10","msg":"request received","method":"GET","path":"/orders"}
{"level":"info","ts":"2025-04-07T23:06:32.603-0300","caller":"middlewares/auth.go:29","msg":"access granted","user id":"eyJhbGciOiJIUzI1NiIsInR5cCI6IkpXVCJ9.eyJleHAiOjE3NDQxNDYwNzcsInVzZXJuYW1lIjoidGVzdGV1c2VybiJ9.MwXDwfJkCPTl9bvxt5mH-vbaywbBEYi-4oBJb80yhe8"}
{"level":"info","ts":"2025-04-07T23:06:32.603-0300","caller":"middlewares/context.go:14","msg":"ctx","user id: ":""}
{"level":"info","ts":"2025-04-07T23:06:32.605-0300","caller":"middlewares/logging.go:20","msg":"request completed","method":"GET","path":"/orders","status":200}
{"level":"info","ts":"2025-04-07T23:18:26.718-0300","caller":"fiber/fiber.go:31","msg":"server listening","port":"3333"}
{"level":"info","ts":"2025-04-07T23:18:34.974-0300","caller":"middlewares/logging.go:10","msg":"request received","method":"POST","path":"/products"}
{"level":"info","ts":"2025-04-07T23:18:34.974-0300","caller":"middlewares/auth.go:29","msg":"access granted","user id":"eyJhbGciOiJIUzI1NiIsInR5cCI6IkpXVCJ9.eyJleHAiOjE3NDQxNDYwNzcsInVzZXJuYW1lIjoidGVzdGV1c2VybiJ9.MwXDwfJkCPTl9bvxt5mH-vbaywbBEYi-4oBJb80yhe8"}
{"level":"info","ts":"2025-04-07T23:18:34.974-0300","caller":"middlewares/context.go:14","msg":"ctx","user id: ":""}
{"level":"info","ts":"2025-04-07T23:18:34.974-0300","caller":"middlewares/error.go:19","msg":"error occurred","status":400,"message":"Bad Request"}
{"level":"info","ts":"2025-04-07T23:18:34.975-0300","caller":"middlewares/logging.go:20","msg":"request completed","method":"POST","path":"/products","status":400}
{"level":"info","ts":"2025-04-07T23:18:42.294-0300","caller":"middlewares/logging.go:10","msg":"request received","method":"POST","path":"/products"}
{"level":"info","ts":"2025-04-07T23:18:42.294-0300","caller":"middlewares/auth.go:29","msg":"access granted","user id":"eyJhbGciOiJIUzI1NiIsInR5cCI6IkpXVCJ9.eyJleHAiOjE3NDQxNDYwNzcsInVzZXJuYW1lIjoidGVzdGV1c2VybiJ9.MwXDwfJkCPTl9bvxt5mH-vbaywbBEYi-4oBJb80yhe8"}
{"level":"info","ts":"2025-04-07T23:18:42.294-0300","caller":"middlewares/context.go:14","msg":"ctx","user id: ":""}
{"level":"info","ts":"2025-04-07T23:18:42.301-0300","caller":"usecase/product.go:43","msg":"adding new product"}
{"level":"info","ts":"2025-04-07T23:18:42.301-0300","caller":"middlewares/logging.go:20","msg":"request completed","method":"POST","path":"/products","status":201}
{"level":"info","ts":"2025-04-07T23:23:42.420-0300","caller":"fiber/fiber.go:42","msg":"server listening","port":"3333"}
{"level":"info","ts":"2025-04-07T23:23:47.125-0300","caller":"middlewares/logging.go:10","msg":"request received","method":"GET","path":"/products"}
{"level":"info","ts":"2025-04-07T23:23:47.125-0300","caller":"middlewares/auth.go:29","msg":"access granted","user id":"eyJhbGciOiJIUzI1NiIsInR5cCI6IkpXVCJ9.eyJleHAiOjE3NDQxNDYwNzcsInVzZXJuYW1lIjoidGVzdGV1c2VybiJ9.MwXDwfJkCPTl9bvxt5mH-vbaywbBEYi-4oBJb80yhe8"}
{"level":"info","ts":"2025-04-07T23:23:47.125-0300","caller":"middlewares/context.go:14","msg":"ctx","user id: ":""}
{"level":"info","ts":"2025-04-07T23:23:47.126-0300","caller":"middlewares/logging.go:20","msg":"request completed","method":"GET","path":"/products","status":200}
{"level":"info","ts":"2025-04-07T23:25:37.838-0300","caller":"fiber/fiber.go:42","msg":"server listening","port":"3333"}
{"level":"info","ts":"2025-04-07T23:26:13.174-0300","caller":"fiber/fiber.go:42","msg":"server listening","port":"3333"}
{"level":"info","ts":"2025-04-07T23:26:14.702-0300","caller":"middlewares/logging.go:11","msg":"request received","id":"static-id","method":"GET","path":"/products"}
{"level":"info","ts":"2025-04-07T23:26:14.703-0300","caller":"middlewares/auth.go:29","msg":"access granted","user id":"eyJhbGciOiJIUzI1NiIsInR5cCI6IkpXVCJ9.eyJleHAiOjE3NDQxNDYwNzcsInVzZXJuYW1lIjoidGVzdGV1c2VybiJ9.MwXDwfJkCPTl9bvxt5mH-vbaywbBEYi-4oBJb80yhe8"}
{"level":"info","ts":"2025-04-07T23:26:14.703-0300","caller":"middlewares/context.go:14","msg":"ctx","user id: ":""}
{"level":"info","ts":"2025-04-07T23:26:14.704-0300","caller":"middlewares/logging.go:22","msg":"request completed","id":"static-id","method":"GET","path":"/products","status":200}
{"level":"info","ts":"2025-04-07T23:26:29.329-0300","caller":"middlewares/logging.go:11","msg":"request received","id":"static-id","method":"GET","path":"/products/:id"}
{"level":"info","ts":"2025-04-07T23:26:29.329-0300","caller":"middlewares/auth.go:29","msg":"access granted","user id":"eyJhbGciOiJIUzI1NiIsInR5cCI6IkpXVCJ9.eyJleHAiOjE3NDQxNDYwNzcsInVzZXJuYW1lIjoidGVzdGV1c2VybiJ9.MwXDwfJkCPTl9bvxt5mH-vbaywbBEYi-4oBJb80yhe8"}
{"level":"info","ts":"2025-04-07T23:26:29.329-0300","caller":"middlewares/context.go:14","msg":"ctx","user id: ":""}
{"level":"info","ts":"2025-04-07T23:26:29.330-0300","caller":"middlewares/error.go:19","msg":"error occurred","status":400,"message":"Bad Request"}
{"level":"info","ts":"2025-04-07T23:26:29.330-0300","caller":"middlewares/logging.go:22","msg":"request completed","id":"static-id","method":"GET","path":"/products/:id","status":400}
{"level":"info","ts":"2025-04-07T23:28:46.416-0300","caller":"fiber/fiber.go:44","msg":"server listening","port":"3333"}
{"level":"info","ts":"2025-04-07T23:28:48.844-0300","caller":"middlewares/logging.go:11","msg":"request received","id":"dfa74c79-a435-4938-bc14-afad1464d7de","method":"GET","path":"/products"}
{"level":"info","ts":"2025-04-07T23:28:48.844-0300","caller":"middlewares/auth.go:29","msg":"access granted","user id":"eyJhbGciOiJIUzI1NiIsInR5cCI6IkpXVCJ9.eyJleHAiOjE3NDQxNDYwNzcsInVzZXJuYW1lIjoidGVzdGV1c2VybiJ9.MwXDwfJkCPTl9bvxt5mH-vbaywbBEYi-4oBJb80yhe8"}
{"level":"info","ts":"2025-04-07T23:28:48.845-0300","caller":"middlewares/context.go:14","msg":"ctx","user id: ":""}
{"level":"info","ts":"2025-04-07T23:28:48.845-0300","caller":"middlewares/logging.go:22","msg":"request completed","id":"dfa74c79-a435-4938-bc14-afad1464d7de","method":"GET","path":"/products","status":200}
{"level":"info","ts":"2025-04-07T23:29:04.064-0300","caller":"middlewares/logging.go:11","msg":"request received","id":"e1a74c79-a435-4938-bc14-afad1464d7de","method":"GET","path":"/health/ping"}
{"level":"info","ts":"2025-04-07T23:29:04.064-0300","caller":"middlewares/logging.go:22","msg":"request completed","id":"e1a74c79-a435-4938-bc14-afad1464d7de","method":"GET","path":"/health/ping","status":200}
{"level":"info","ts":"2025-04-07T23:29:12.527-0300","caller":"middlewares/logging.go:11","msg":"request received","id":"e3a74c79-a435-4938-bc14-afad1464d7de","method":"GET","path":"/orders"}
{"level":"info","ts":"2025-04-07T23:29:12.527-0300","caller":"middlewares/auth.go:29","msg":"access granted","user id":"eyJhbGciOiJIUzI1NiIsInR5cCI6IkpXVCJ9.eyJleHAiOjE3NDQxNDYwNzcsInVzZXJuYW1lIjoidGVzdGV1c2VybiJ9.MwXDwfJkCPTl9bvxt5mH-vbaywbBEYi-4oBJb80yhe8"}
{"level":"info","ts":"2025-04-07T23:29:12.527-0300","caller":"middlewares/context.go:14","msg":"ctx","user id: ":""}
{"level":"info","ts":"2025-04-07T23:29:12.528-0300","caller":"middlewares/logging.go:22","msg":"request completed","id":"e3a74c79-a435-4938-bc14-afad1464d7de","method":"GET","path":"/orders","status":200}
{"level":"info","ts":"2025-04-07T23:30:14.784-0300","caller":"fiber/fiber.go:40","msg":"server listening","port":"3333"}
{"level":"info","ts":"2025-04-07T23:30:17.496-0300","caller":"middlewares/logging.go:11","msg":"request received","id":"3462639d-f340-42fc-a796-aabc4d74cbe6","method":"GET","path":"/orders"}
{"level":"info","ts":"2025-04-07T23:30:17.496-0300","caller":"middlewares/auth.go:29","msg":"access granted","user id":"eyJhbGciOiJIUzI1NiIsInR5cCI6IkpXVCJ9.eyJleHAiOjE3NDQxNDYwNzcsInVzZXJuYW1lIjoidGVzdGV1c2VybiJ9.MwXDwfJkCPTl9bvxt5mH-vbaywbBEYi-4oBJb80yhe8"}
{"level":"info","ts":"2025-04-07T23:30:17.496-0300","caller":"middlewares/context.go:14","msg":"ctx","user id: ":""}
{"level":"info","ts":"2025-04-07T23:30:17.497-0300","caller":"middlewares/logging.go:22","msg":"request completed","id":"3462639d-f340-42fc-a796-aabc4d74cbe6","method":"GET","path":"/orders","status":200}
{"level":"info","ts":"2025-04-07T23:30:23.104-0300","caller":"middlewares/logging.go:11","msg":"request received","id":"3562639d-f340-42fc-a796-aabc4d74cbe6","method":"GET","path":"/products"}
{"level":"info","ts":"2025-04-07T23:30:23.104-0300","caller":"middlewares/auth.go:29","msg":"access granted","user id":"eyJhbGciOiJIUzI1NiIsInR5cCI6IkpXVCJ9.eyJleHAiOjE3NDQxNDYwNzcsInVzZXJuYW1lIjoidGVzdGV1c2VybiJ9.MwXDwfJkCPTl9bvxt5mH-vbaywbBEYi-4oBJb80yhe8"}
{"level":"info","ts":"2025-04-07T23:30:23.104-0300","caller":"middlewares/context.go:14","msg":"ctx","user id: ":""}
{"level":"info","ts":"2025-04-07T23:30:23.104-0300","caller":"middlewares/logging.go:22","msg":"request completed","id":"3562639d-f340-42fc-a796-aabc4d74cbe6","method":"GET","path":"/products","status":200}
{"level":"info","ts":"2025-04-07T23:32:20.532-0300","caller":"fiber/fiber.go:40","msg":"server listening","port":"3333"}
{"level":"info","ts":"2025-04-07T23:32:21.563-0300","caller":"middlewares/logging.go:11","msg":"request received","request id":"5d430259-b739-4133-be2b-c93263955ae5","method":"GET","path":"/products"}
{"level":"info","ts":"2025-04-07T23:32:21.563-0300","caller":"middlewares/auth.go:29","msg":"access granted","user id":"eyJhbGciOiJIUzI1NiIsInR5cCI6IkpXVCJ9.eyJleHAiOjE3NDQxNDYwNzcsInVzZXJuYW1lIjoidGVzdGV1c2VybiJ9.MwXDwfJkCPTl9bvxt5mH-vbaywbBEYi-4oBJb80yhe8"}
{"level":"info","ts":"2025-04-07T23:32:21.563-0300","caller":"middlewares/context.go:14","msg":"ctx","user id: ":""}
{"level":"info","ts":"2025-04-07T23:32:21.563-0300","caller":"middlewares/logging.go:22","msg":"request completed","request id":"5d430259-b739-4133-be2b-c93263955ae5","method":"GET","path":"/products","status":200}
